<?xml version="1.0" encoding="UTF-8"?>
<!-- Generated by org.testng.reporters.JUnitReportReporter -->
<testsuite hostname="DESKTOP-05ROOLV" failures="0" tests="3" name="com.comcastContact.Contact" time="0.043" errors="0" timestamp="21 Sep 2021 11:32:29 GMT" skipped="0">
  <testcase classname="com.comcastContact.Contact" name="createContactWithOrgTest" time="0.007"/>
  <testcase classname="com.comcastContact.Contact" name="createContactTest" time="0.030"/>
  <testcase classname="com.comcastContact.Contact" name="deleteContactTest" time="0.006"/>
</testsuite> <!-- com.comcastContact.Contact -->
